This is TeX, Version 3.14159 (C version 6.1) (format=latex 97.3.2)  21 SEP 2000 14:09
**metarulealgo.tex
(metarulealgo.tex
LaTeX2e <1996/12/01> patch level 1
Babel <v3.6h> and hyphenation patterns for english, german, loaded.
(/pkg/teTeX/texmf/tex/latex/base/latex209.def
File: latex209.def 1996/05/21 v0.51 Standard LaTeX file

Entering LaTeX 2.09 compatibility mode.
\footheight=\dimen102
\@maxsep=\dimen103
\@dblmaxsep=\dimen104
\@cla=\count79
\@clb=\count80
\mscount=\count81
(/pkg/teTeX/texmf/tex/latex/base/tracefnt.sty
Package: tracefnt 1996/07/26 v3.0i Standard LaTeX package (font tracing)
\tracingfonts=\count82
LaTeX Info: Redefining \selectfont on input line 139.
)
\symbold=\mathgroup4
\symsans=\mathgroup5
\symtypewriter=\mathgroup6
\symitalic=\mathgroup7
\symsmallcaps=\mathgroup8
\symslanted=\mathgroup9
LaTeX Font Info:    Redeclaring math alphabet \mathbf on input line 306.
LaTeX Font Info:    Redeclaring math alphabet \mathsf on input line 307.
LaTeX Font Info:    Redeclaring math alphabet \mathtt on input line 308.
LaTeX Font Info:    Redeclaring math alphabet \mathit on input line 314.
LaTeX Info: Redefining \em on input line 324.

(/pkg/teTeX/texmf/tex/latex/base/latexsym.sty
Package: latexsym 1996/11/20 v2.2d Standard LaTeX package (lasy symbols)
\symlasy=\mathgroup10
LaTeX Font Info:    Overwriting symbol font `lasy' in version `bold'
(Font)                  U/lasy/m/n --> U/lasy/b/n on input line 85.
)
LaTeX Font Info:    Redeclaring math delimiter \lgroup on input line 388.
LaTeX Font Info:    Redeclaring math delimiter \rgroup on input line 390.
LaTeX Font Info:    Redeclaring math delimiter \bracevert on input line 392.

(/pkg/teTeX/texmf/tex/latex/config/latex209.cfg
(/pkg/teTeX/texmf/tex/latex/tools/rawfonts.sty
Compatibility mode: package `' requested, but `rawfonts' provided.
Package: rawfonts 1994/05/08 Low-level LaTeX 2.09 font compatibility

(/pkg/teTeX/texmf/tex/latex/tools/somedefs.sty
Package: somedefs 1994/06/01 Toolkit for optional definitions
)
LaTeX Font Info:    Try loading font information for U+lasy on input line 36.

(/pkg/teTeX/texmf/tex/latex/base/ulasy.fd
File: ulasy.fd 1996/11/20 v2.2dLaTeX symbol font definitions
))))
(/pkg/teTeX/texmf/tex/latex/base/article.cls
Document Class: article 1996/10/31 v1.3u Standard LaTeX document class
(/pkg/teTeX/texmf/tex/latex/base/size11.clo
File: size11.clo 1996/10/31 v1.3u Standard LaTeX file (size option)
)
\c@part=\count83
\c@section=\count84
\c@subsection=\count85
\c@subsubsection=\count86
\c@paragraph=\count87
\c@subparagraph=\count88
\c@figure=\count89
\c@table=\count90
\abovecaptionskip=\skip41
\belowcaptionskip=\skip42
Compatibility mode: definition of \rm ignored.
Compatibility mode: definition of \sf ignored.
Compatibility mode: definition of \tt ignored.
Compatibility mode: definition of \bf ignored.
Compatibility mode: definition of \it ignored.
Compatibility mode: definition of \sl ignored.
Compatibility mode: definition of \sc ignored.
LaTeX Info: Redefining \cal on input line 542.
LaTeX Info: Redefining \mit on input line 543.
\bibindent=\dimen105
)
(/pkg/teTeX/texmf/tex/latex/base/alltt.sty
Package: alltt 1995/07/24 v2.0f defines alltt environment
) (metarulealgo.aux)
LaTeX Font Info:    Checking defaults for OML/cmm/m/it on input line 3.
LaTeX Font Info:    ... okay on input line 3.
LaTeX Font Info:    Checking defaults for T1/cmr/m/n on input line 3.
LaTeX Font Info:    ... okay on input line 3.
LaTeX Font Info:    Checking defaults for OT1/cmr/m/n on input line 3.
LaTeX Font Info:    ... okay on input line 3.
LaTeX Font Info:    Checking defaults for OMS/cmsy/m/n on input line 3.
LaTeX Font Info:    ... okay on input line 3.
LaTeX Font Info:    Checking defaults for OMX/cmex/m/n on input line 3.
LaTeX Font Info:    ... okay on input line 3.
LaTeX Font Info:    Checking defaults for U/cmr/m/n on input line 3.
LaTeX Font Info:    ... okay on input line 3.
LaTeX Font Info:    External font `cmex10' loaded for size
(Font)              <10.95> on input line 6.
LaTeX Font Info:    External font `cmex10' loaded for size
(Font)              <8> on input line 6.
LaTeX Font Info:    External font `cmex10' loaded for size
(Font)              <6> on input line 6.

Overfull \hbox (69.3134pt too wide) in paragraph at lines 7--7
[]       \OT1/cmtt/m/n/10.95 Let \OT1/cmr/m/it/10.95 MAP-PINGS \OT1/cmtt/m/n/10
.95 be the list of all valid mappings from \OT1/cmr/m/it/10.95 list$[]$ \OT1/cm
tt/m/n/10.95 to \OT1/cmr/m/it/10.95 list$[]$[] 
 []

LaTeX Font Info:    Try loading font information for OMS+cmtt on input line 10.

LaTeX Font Info:    No file OMScmtt.fd. on input line 10.
LaTeX Font Warning: Font shape `OMS/cmtt/m/n' undefined
(Font)              using `OMS/cmsy/m/n' instead
(Font)              for symbol `textbraceleft' on input line 10.

Overfull \hbox (16.31749pt too wide) in paragraph at lines 14--14
[]                      \OT1/cmr/m/it/10.95 inp$[]$ \OT1/cmtt/m/n/10.95 be the 
single element in \OT1/cmr/m/it/10.95 Mapping\OT1/cmtt/m/n/10.95 (\OT1/cmr/m/it
/10.95 lhs$[]$\OT1/cmtt/m/n/10.95 )[] 
 []


Overfull \hbox (8.35457pt too wide) in paragraph at lines 15--15
[]                      \OT1/cmr/m/it/10.95 children$[]$ \OT1/cmtt/m/n/10.95 be
 the list of children of \OT1/cmr/m/it/10.95 inp$[]$[] 
 []


Overfull \hbox (71.81726pt too wide) in paragraph at lines 17--17
[]                                          \OT1/cmr/m/it/10.95 m$[]$ $\OMS/cmt
t/m/n/10.95 2$ \OT1/cmr/m/it/10.95 Match\OT1/cmtt/m/n/10.95 (\OT1/cmr/m/it/10.9
5 children$[]$\OT1/cmtt/m/n/10.95 , \OT1/cmr/m/it/10.95 children$[]$\OT1/cmtt/m
/n/10.95 )\OMS/cmtt/m/n/10.95 g[] 
 []


Overfull \hbox (16.31749pt too wide) in paragraph at lines 20--20
[]                      \OT1/cmr/m/it/10.95 inp$[]$ \OT1/cmtt/m/n/10.95 be the 
single element in \OT1/cmr/m/it/10.95 Mapping\OT1/cmtt/m/n/10.95 (\OT1/cmr/m/it
/10.95 lhs$[]$\OT1/cmtt/m/n/10.95 )[] 
 []


Overfull \hbox (8.35457pt too wide) in paragraph at lines 21--21
[]                      \OT1/cmr/m/it/10.95 children$[]$ \OT1/cmtt/m/n/10.95 be
 the list of children of \OT1/cmr/m/it/10.95 inp$[]$[] 
 []


Overfull \hbox (57.20433pt too wide) in paragraph at lines 22--22
[]                  \OT1/cmtt/m/n/10.95 Make \OT1/cmr/m/it/10.95 Matches \OT1/c
mtt/m/n/10.95 = \OMS/cmtt/m/n/10.95 f f\OT1/cmtt/m/n/10.95 (\OT1/cmr/m/it/10.95
 lhs$[]$\OT1/cmtt/m/n/10.95 ,\OT1/cmr/m/it/10.95 inp$[]$\OT1/cmtt/m/n/10.95 )\O
MS/cmtt/m/n/10.95 g$[$\OT1/cmr/m/it/10.95 m$\OMS/cmtt/m/n/10.95 [$\OT1/cmr/m/it
/10.95 m$[]$ $\OMS/cmtt/m/n/10.95 j$ \OT1/cmr/m/it/10.95 m $\OMS/cmtt/m/n/10.95
 2$ \OT1/cmr/m/it/10.95 Matches \OT1/cmtt/m/n/10.95 and[] 
 []


Overfull \hbox (71.81726pt too wide) in paragraph at lines 23--23
[]                                         \OT1/cmr/m/it/10.95 m$[]$ $\OMS/cmtt
/m/n/10.95 2$ \OT1/cmr/m/it/10.95 Match\OT1/cmtt/m/n/10.95 (\OT1/cmr/m/it/10.95
 children$[]$\OT1/cmtt/m/n/10.95 , \OT1/cmr/m/it/10.95 children$[]$\OT1/cmtt/m/
n/10.95 ) \OMS/cmtt/m/n/10.95 g[] 
 []


Overfull \hbox (16.13467pt too wide) in paragraph at lines 27--27
[]                      \OT1/cmr/m/it/10.95 DESC \OT1/cmtt/m/n/10.95 be the set
 of \OT1/cmr/m/it/10.95 sl\OT1/cmtt/m/n/10.95 -sized lists given by:[] 
 []


Overfull \hbox (54.12346pt too wide) in paragraph at lines 29--29
[]                                   \OT1/cmtt/m/n/10.95 For every $\OT1/cmr/m/
n/10.95 1 \OMS/cmtt/m/n/10.95 ^^T$\OT1/cmr/m/it/10.95 k$\OMS/cmtt/m/n/10.95 ^^T
$\OT1/cmr/m/it/10.95 sl\OT1/cmtt/m/n/10.95 , \OT1/cmr/m/it/10.95 di$[]$ \OT1/cm
tt/m/n/10.95 is a descendant[] 
 []

LaTeX Font Info:    External font `cmex10' loaded for size
(Font)              <9> on input line 30.
LaTeX Font Info:    External font `cmex10' loaded for size
(Font)              <5> on input line 30.

Overfull \hbox (75.57379pt too wide) in paragraph at lines 30--30
[]                                               \OT1/cmtt/m/n/10.95 of some no
de in \OT1/cmr/m/it/10.95 Mapping(lhs$[]$\OT1/cmtt/m/n/10.95 )[][] 
 []


Overfull \hbox (100.6671pt too wide) in paragraph at lines 31--31
[]                                   \OT1/cmtt/m/n/10.95 For every $\OT1/cmr/m/
n/10.95 1 \OMS/cmtt/m/n/10.95 ^^T$\OT1/cmr/m/it/10.95 k$\OMS/cmtt/m/n/10.95 ^^T
$\OT1/cmr/m/it/10.95 sl\OT1/cmtt/m/n/10.95 , \OT1/cmr/m/it/10.95 di$[]$ \OT1/cm
tt/m/n/10.95 is \OT1/cmr/m/it/10.95 to the right of di$[]$[] \OMS/cmtt/m/n/10.9
5 g\OT1/cmtt/m/n/10.95 .[] 
 []


Overfull \hbox (53.66055pt too wide) in paragraph at lines 33--33
[]                      \OT1/cmtt/m/n/10.95 For every list \OT1/cmr/m/it/10.95 
Desc \OT1/cmtt/m/n/10.95 = [\OT1/cmr/m/it/10.95 di$[]$\OT1/cmtt/m/n/10.95 ,\OT1
/cmr/m/it/10.95 di$[]$\OT1/cmtt/m/n/10.95 ,...,\OT1/cmr/m/it/10.95 di$[]$\OT1/c
mtt/m/n/10.95 ] $\OMS/cmtt/m/n/10.95 2$ \OT1/cmr/m/it/10.95 DESC \OT1/cmtt/m/n/
10.95 do:[] 
 []


Overfull \hbox (68.94354pt too wide) in paragraph at lines 34--34
[]                          \OT1/cmtt/m/n/10.95 Let \OT1/cmr/m/it/10.95 Tree-Ma
-te-rial \OT1/cmtt/m/n/10.95 be the list of subtrees dominated[] 
 []


Overfull \hbox (89.34117pt too wide) in paragraph at lines 35--35
[]                                   \OT1/cmtt/m/n/10.95 by the nodes in \OT1/c
mr/m/it/10.95 Mapping\OT1/cmtt/m/n/10.95 (\OT1/cmr/m/it/10.95 lhs$[]$\OT1/cmtt/
m/n/10.95 ), but, with the[] 
 []


Overfull \hbox (65.22656pt too wide) in paragraph at lines 36--36
[]                                   \OT1/cmtt/m/n/10.95 subtrees dominated by 
the nodes in \OT1/cmr/m/it/10.95 Desc[] 
 []


Overfull \hbox (78.08833pt too wide) in paragraph at lines 38--38
[]                          \OT1/cmtt/m/n/10.95 Make \OT1/cmr/m/it/10.95 matche
s \OT1/cmtt/m/n/10.95 = \OT1/cmr/m/it/10.95 matches $\OMS/cmtt/m/n/10.95 [$ ff\
OT1/cmtt/m/n/10.95 (\OT1/cmr/m/it/10.95 lhs$[]$\OT1/cmtt/m/n/10.95 , \OT1/cmr/m
/it/10.95 TreeMaterial\OT1/cmtt/m/n/10.95 )\OMS/cmtt/m/n/10.95 g$[$\OT1/cmr/m/i
t/10.95 m$[]$ $\OMS/cmtt/m/n/10.95 j$[] 
 []


Overfull \hbox (84.43935pt too wide) in paragraph at lines 40--40
[]                      \OT1/cmtt/m/n/10.95 Make \OT1/cmr/m/it/10.95 Matches \O
T1/cmtt/m/n/10.95 = \OMS/cmtt/m/n/10.95 f \OT1/cmr/m/it/10.95 m$\OMS/cmtt/m/n/1
0.95 [$\OT1/cmr/m/it/10.95 m$[]$ $\OMS/cmtt/m/n/10.95 j$ \OT1/cmr/m/it/10.95 m 
$\OMS/cmtt/m/n/10.95 2$ \OT1/cmr/m/it/10.95 Matches \OT1/cmtt/m/n/10.95 and \OT
1/cmr/m/it/10.95 m$[]$ $\OMS/cmtt/m/n/10.95 2$ \OT1/cmr/m/it/10.95 matches \OMS
/cmtt/m/n/10.95 g[] 
 []

[1

] (metarulealgo.aux)
LaTeX Font Warning: Some font shapes were not available, defaults substituted.
 ) 
Here is how much of TeX's memory you used:
 558 strings out of 10908
 5644 string characters out of 72294
 53399 words of memory out of 262141
 3426 multiletter control sequences out of 9500
 25238 words of font info for 93 fonts, out of 150000 for 255
 14 hyphenation exceptions out of 607
 21i,6n,20p,418b,325s stack positions out of 300i,40n,60p,3000b,4000s

Output written on metarulealgo.dvi (1 page, 3832 bytes).
